<?xml version="1.0" encoding="UTF-8"?>
<testsuite xmlns:xsi="http://www.w3.org/2001/XMLSchema-instance" xsi:noNamespaceSchemaLocation="https://maven.apache.org/surefire/maven-surefire-plugin/xsd/surefire-test-report-3.0.xsd" version="3.0" name="TestSuite" time="56.548" tests="36" errors="0" skipped="0" failures="0">
  <properties>
    <property name="sun.desktop" value="windows"/>
    <property name="awt.toolkit" value="sun.awt.windows.WToolkit"/>
    <property name="java.specification.version" value="12"/>
    <property name="sun.cpu.isalist" value="amd64"/>
    <property name="sun.jnu.encoding" value="Cp1252"/>
    <property name="java.class.path" value="C:\AWZ\Api-TestAutomation\target\test-classes;C:\AWZ\Api-TestAutomation\target\classes;C:\Users\sudeep.paudyal\.m2\repository\org\seleniumhq\selenium\selenium-java\3.141.5\selenium-java-3.141.5.jar;C:\Users\sudeep.paudyal\.m2\repository\org\seleniumhq\selenium\selenium-api\3.141.5\selenium-api-3.141.5.jar;C:\Users\sudeep.paudyal\.m2\repository\org\seleniumhq\selenium\selenium-chrome-driver\3.141.5\selenium-chrome-driver-3.141.5.jar;C:\Users\sudeep.paudyal\.m2\repository\org\seleniumhq\selenium\selenium-edge-driver\3.141.5\selenium-edge-driver-3.141.5.jar;C:\Users\sudeep.paudyal\.m2\repository\org\seleniumhq\selenium\selenium-firefox-driver\3.141.5\selenium-firefox-driver-3.141.5.jar;C:\Users\sudeep.paudyal\.m2\repository\org\seleniumhq\selenium\selenium-ie-driver\3.141.5\selenium-ie-driver-3.141.5.jar;C:\Users\sudeep.paudyal\.m2\repository\org\seleniumhq\selenium\selenium-opera-driver\3.141.5\selenium-opera-driver-3.141.5.jar;C:\Users\sudeep.paudyal\.m2\repository\org\seleniumhq\selenium\selenium-remote-driver\3.141.5\selenium-remote-driver-3.141.5.jar;C:\Users\sudeep.paudyal\.m2\repository\org\seleniumhq\selenium\selenium-safari-driver\3.141.5\selenium-safari-driver-3.141.5.jar;C:\Users\sudeep.paudyal\.m2\repository\org\seleniumhq\selenium\selenium-support\3.141.5\selenium-support-3.141.5.jar;C:\Users\sudeep.paudyal\.m2\repository\net\bytebuddy\byte-buddy\1.8.15\byte-buddy-1.8.15.jar;C:\Users\sudeep.paudyal\.m2\repository\org\apache\commons\commons-exec\1.3\commons-exec-1.3.jar;C:\Users\sudeep.paudyal\.m2\repository\com\google\guava\guava\25.0-jre\guava-25.0-jre.jar;C:\Users\sudeep.paudyal\.m2\repository\com\google\code\findbugs\jsr305\1.3.9\jsr305-1.3.9.jar;C:\Users\sudeep.paudyal\.m2\repository\org\checkerframework\checker-compat-qual\2.0.0\checker-compat-qual-2.0.0.jar;C:\Users\sudeep.paudyal\.m2\repository\com\google\errorprone\error_prone_annotations\2.1.3\error_prone_annotations-2.1.3.jar;C:\Users\sudeep.paudyal\.m2\repository\com\google\j2objc\j2objc-annotations\1.1\j2objc-annotations-1.1.jar;C:\Users\sudeep.paudyal\.m2\repository\org\codehaus\mojo\animal-sniffer-annotations\1.14\animal-sniffer-annotations-1.14.jar;C:\Users\sudeep.paudyal\.m2\repository\com\squareup\okhttp3\okhttp\3.11.0\okhttp-3.11.0.jar;C:\Users\sudeep.paudyal\.m2\repository\com\squareup\okio\okio\1.14.0\okio-1.14.0.jar;C:\Users\sudeep.paudyal\.m2\repository\com\fasterxml\jackson\core\jackson-databind\2.9.5\jackson-databind-2.9.5.jar;C:\Users\sudeep.paudyal\.m2\repository\com\fasterxml\jackson\core\jackson-annotations\2.9.0\jackson-annotations-2.9.0.jar;C:\Users\sudeep.paudyal\.m2\repository\com\fasterxml\jackson\core\jackson-core\2.9.5\jackson-core-2.9.5.jar;C:\Users\sudeep.paudyal\.m2\repository\org\testng\testng\6.14.2\testng-6.14.2.jar;C:\Users\sudeep.paudyal\.m2\repository\com\beust\jcommander\1.72\jcommander-1.72.jar;C:\Users\sudeep.paudyal\.m2\repository\org\apache-extras\beanshell\bsh\2.0b6\bsh-2.0b6.jar;C:\Users\sudeep.paudyal\.m2\repository\io\rest-assured\rest-assured\4.0.0\rest-assured-4.0.0.jar;C:\Users\sudeep.paudyal\.m2\repository\org\codehaus\groovy\groovy\2.5.6\groovy-2.5.6.jar;C:\Users\sudeep.paudyal\.m2\repository\org\codehaus\groovy\groovy-xml\2.5.6\groovy-xml-2.5.6.jar;C:\Users\sudeep.paudyal\.m2\repository\org\apache\httpcomponents\httpclient\4.5.3\httpclient-4.5.3.jar;C:\Users\sudeep.paudyal\.m2\repository\org\apache\httpcomponents\httpcore\4.4.6\httpcore-4.4.6.jar;C:\Users\sudeep.paudyal\.m2\repository\commons-logging\commons-logging\1.2\commons-logging-1.2.jar;C:\Users\sudeep.paudyal\.m2\repository\commons-codec\commons-codec\1.9\commons-codec-1.9.jar;C:\Users\sudeep.paudyal\.m2\repository\org\apache\httpcomponents\httpmime\4.5.3\httpmime-4.5.3.jar;C:\Users\sudeep.paudyal\.m2\repository\org\hamcrest\hamcrest-core\2.1\hamcrest-core-2.1.jar;C:\Users\sudeep.paudyal\.m2\repository\org\hamcrest\hamcrest\2.1\hamcrest-2.1.jar;C:\Users\sudeep.paudyal\.m2\repository\org\hamcrest\hamcrest-library\2.1\hamcrest-library-2.1.jar;C:\Users\sudeep.paudyal\.m2\repository\org\ccil\cowan\tagsoup\tagsoup\1.2.1\tagsoup-1.2.1.jar;C:\Users\sudeep.paudyal\.m2\repository\io\rest-assured\json-path\4.0.0\json-path-4.0.0.jar;C:\Users\sudeep.paudyal\.m2\repository\org\codehaus\groovy\groovy-json\2.5.6\groovy-json-2.5.6.jar;C:\Users\sudeep.paudyal\.m2\repository\io\rest-assured\rest-assured-common\4.0.0\rest-assured-common-4.0.0.jar;C:\Users\sudeep.paudyal\.m2\repository\io\rest-assured\xml-path\4.0.0\xml-path-4.0.0.jar;C:\Users\sudeep.paudyal\.m2\repository\org\apache\commons\commons-lang3\3.4\commons-lang3-3.4.jar;C:\Users\sudeep.paudyal\.m2\repository\com\sun\xml\bind\jaxb-osgi\2.2.10\jaxb-osgi-2.2.10.jar;C:\Users\sudeep.paudyal\.m2\repository\org\apache\sling\org.apache.sling.javax.activation\0.1.0\org.apache.sling.javax.activation-0.1.0.jar;C:\Users\sudeep.paudyal\.m2\repository\javax\activation\activation\1.1.1\activation-1.1.1.jar;C:\Users\sudeep.paudyal\.m2\repository\com\googlecode\json-simple\json-simple\1.1.1\json-simple-1.1.1.jar;C:\Users\sudeep.paudyal\.m2\repository\junit\junit\4.12\junit-4.12.jar;C:\Users\sudeep.paudyal\.m2\repository\javax\xml\bind\jaxb-api\2.3.0\jaxb-api-2.3.0.jar;lib;"/>
    <property name="java.vm.vendor" value="Oracle Corporation"/>
    <property name="sun.arch.data.model" value="64"/>
    <property name="user.variant" value=""/>
    <property name="java.vendor.url" value="https://java.oracle.com/"/>
    <property name="user.timezone" value="America/Chicago"/>
    <property name="os.name" value="Windows 10"/>
    <property name="java.vm.specification.version" value="12"/>
    <property name="sun.java.launcher" value="SUN_STANDARD"/>
    <property name="user.country" value="US"/>
    <property name="sun.boot.library.path" value="C:\Program Files\Java\jdk-12.0.1\bin"/>
    <property name="sun.java.command" value="C:\Users\sudeep.paudyal\AppData\Local\Temp\surefire13184581724370510181\surefirebooter9572927659470853742.jar C:\Users\sudeep.paudyal\AppData\Local\Temp\surefire13184581724370510181 2019-05-30T18-39-20_939-jvmRun1 surefire3364324229645768292tmp surefire_03297286616166152315tmp"/>
    <property name="jdk.debug" value="release"/>
    <property name="surefire.test.class.path" value="C:\AWZ\Api-TestAutomation\target\test-classes;C:\AWZ\Api-TestAutomation\target\classes;C:\Users\sudeep.paudyal\.m2\repository\org\seleniumhq\selenium\selenium-java\3.141.5\selenium-java-3.141.5.jar;C:\Users\sudeep.paudyal\.m2\repository\org\seleniumhq\selenium\selenium-api\3.141.5\selenium-api-3.141.5.jar;C:\Users\sudeep.paudyal\.m2\repository\org\seleniumhq\selenium\selenium-chrome-driver\3.141.5\selenium-chrome-driver-3.141.5.jar;C:\Users\sudeep.paudyal\.m2\repository\org\seleniumhq\selenium\selenium-edge-driver\3.141.5\selenium-edge-driver-3.141.5.jar;C:\Users\sudeep.paudyal\.m2\repository\org\seleniumhq\selenium\selenium-firefox-driver\3.141.5\selenium-firefox-driver-3.141.5.jar;C:\Users\sudeep.paudyal\.m2\repository\org\seleniumhq\selenium\selenium-ie-driver\3.141.5\selenium-ie-driver-3.141.5.jar;C:\Users\sudeep.paudyal\.m2\repository\org\seleniumhq\selenium\selenium-opera-driver\3.141.5\selenium-opera-driver-3.141.5.jar;C:\Users\sudeep.paudyal\.m2\repository\org\seleniumhq\selenium\selenium-remote-driver\3.141.5\selenium-remote-driver-3.141.5.jar;C:\Users\sudeep.paudyal\.m2\repository\org\seleniumhq\selenium\selenium-safari-driver\3.141.5\selenium-safari-driver-3.141.5.jar;C:\Users\sudeep.paudyal\.m2\repository\org\seleniumhq\selenium\selenium-support\3.141.5\selenium-support-3.141.5.jar;C:\Users\sudeep.paudyal\.m2\repository\net\bytebuddy\byte-buddy\1.8.15\byte-buddy-1.8.15.jar;C:\Users\sudeep.paudyal\.m2\repository\org\apache\commons\commons-exec\1.3\commons-exec-1.3.jar;C:\Users\sudeep.paudyal\.m2\repository\com\google\guava\guava\25.0-jre\guava-25.0-jre.jar;C:\Users\sudeep.paudyal\.m2\repository\com\google\code\findbugs\jsr305\1.3.9\jsr305-1.3.9.jar;C:\Users\sudeep.paudyal\.m2\repository\org\checkerframework\checker-compat-qual\2.0.0\checker-compat-qual-2.0.0.jar;C:\Users\sudeep.paudyal\.m2\repository\com\google\errorprone\error_prone_annotations\2.1.3\error_prone_annotations-2.1.3.jar;C:\Users\sudeep.paudyal\.m2\repository\com\google\j2objc\j2objc-annotations\1.1\j2objc-annotations-1.1.jar;C:\Users\sudeep.paudyal\.m2\repository\org\codehaus\mojo\animal-sniffer-annotations\1.14\animal-sniffer-annotations-1.14.jar;C:\Users\sudeep.paudyal\.m2\repository\com\squareup\okhttp3\okhttp\3.11.0\okhttp-3.11.0.jar;C:\Users\sudeep.paudyal\.m2\repository\com\squareup\okio\okio\1.14.0\okio-1.14.0.jar;C:\Users\sudeep.paudyal\.m2\repository\com\fasterxml\jackson\core\jackson-databind\2.9.5\jackson-databind-2.9.5.jar;C:\Users\sudeep.paudyal\.m2\repository\com\fasterxml\jackson\core\jackson-annotations\2.9.0\jackson-annotations-2.9.0.jar;C:\Users\sudeep.paudyal\.m2\repository\com\fasterxml\jackson\core\jackson-core\2.9.5\jackson-core-2.9.5.jar;C:\Users\sudeep.paudyal\.m2\repository\org\testng\testng\6.14.2\testng-6.14.2.jar;C:\Users\sudeep.paudyal\.m2\repository\com\beust\jcommander\1.72\jcommander-1.72.jar;C:\Users\sudeep.paudyal\.m2\repository\org\apache-extras\beanshell\bsh\2.0b6\bsh-2.0b6.jar;C:\Users\sudeep.paudyal\.m2\repository\io\rest-assured\rest-assured\4.0.0\rest-assured-4.0.0.jar;C:\Users\sudeep.paudyal\.m2\repository\org\codehaus\groovy\groovy\2.5.6\groovy-2.5.6.jar;C:\Users\sudeep.paudyal\.m2\repository\org\codehaus\groovy\groovy-xml\2.5.6\groovy-xml-2.5.6.jar;C:\Users\sudeep.paudyal\.m2\repository\org\apache\httpcomponents\httpclient\4.5.3\httpclient-4.5.3.jar;C:\Users\sudeep.paudyal\.m2\repository\org\apache\httpcomponents\httpcore\4.4.6\httpcore-4.4.6.jar;C:\Users\sudeep.paudyal\.m2\repository\commons-logging\commons-logging\1.2\commons-logging-1.2.jar;C:\Users\sudeep.paudyal\.m2\repository\commons-codec\commons-codec\1.9\commons-codec-1.9.jar;C:\Users\sudeep.paudyal\.m2\repository\org\apache\httpcomponents\httpmime\4.5.3\httpmime-4.5.3.jar;C:\Users\sudeep.paudyal\.m2\repository\org\hamcrest\hamcrest-core\2.1\hamcrest-core-2.1.jar;C:\Users\sudeep.paudyal\.m2\repository\org\hamcrest\hamcrest\2.1\hamcrest-2.1.jar;C:\Users\sudeep.paudyal\.m2\repository\org\hamcrest\hamcrest-library\2.1\hamcrest-library-2.1.jar;C:\Users\sudeep.paudyal\.m2\repository\org\ccil\cowan\tagsoup\tagsoup\1.2.1\tagsoup-1.2.1.jar;C:\Users\sudeep.paudyal\.m2\repository\io\rest-assured\json-path\4.0.0\json-path-4.0.0.jar;C:\Users\sudeep.paudyal\.m2\repository\org\codehaus\groovy\groovy-json\2.5.6\groovy-json-2.5.6.jar;C:\Users\sudeep.paudyal\.m2\repository\io\rest-assured\rest-assured-common\4.0.0\rest-assured-common-4.0.0.jar;C:\Users\sudeep.paudyal\.m2\repository\io\rest-assured\xml-path\4.0.0\xml-path-4.0.0.jar;C:\Users\sudeep.paudyal\.m2\repository\org\apache\commons\commons-lang3\3.4\commons-lang3-3.4.jar;C:\Users\sudeep.paudyal\.m2\repository\com\sun\xml\bind\jaxb-osgi\2.2.10\jaxb-osgi-2.2.10.jar;C:\Users\sudeep.paudyal\.m2\repository\org\apache\sling\org.apache.sling.javax.activation\0.1.0\org.apache.sling.javax.activation-0.1.0.jar;C:\Users\sudeep.paudyal\.m2\repository\javax\activation\activation\1.1.1\activation-1.1.1.jar;C:\Users\sudeep.paudyal\.m2\repository\com\googlecode\json-simple\json-simple\1.1.1\json-simple-1.1.1.jar;C:\Users\sudeep.paudyal\.m2\repository\junit\junit\4.12\junit-4.12.jar;C:\Users\sudeep.paudyal\.m2\repository\javax\xml\bind\jaxb-api\2.3.0\jaxb-api-2.3.0.jar;lib;"/>
    <property name="sun.cpu.endian" value="little"/>
    <property name="user.home" value="C:\Users\sudeep.paudyal"/>
    <property name="user.language" value="en"/>
    <property name="java.specification.vendor" value="Oracle Corporation"/>
    <property name="java.version.date" value="2019-04-16"/>
    <property name="java.home" value="C:\Program Files\Java\jdk-12.0.1"/>
    <property name="file.separator" value="\"/>
    <property name="basedir" value="C:\AWZ\Api-TestAutomation"/>
    <property name="java.vm.compressedOopsMode" value="Zero based"/>
    <property name="line.separator" value="&#10;"/>
    <property name="java.vm.specification.vendor" value="Oracle Corporation"/>
    <property name="java.specification.name" value="Java Platform API Specification"/>
    <property name="java.awt.graphicsenv" value="sun.awt.Win32GraphicsEnvironment"/>
    <property name="surefire.real.class.path" value="C:\Users\sudeep.paudyal\AppData\Local\Temp\surefire13184581724370510181\surefirebooter9572927659470853742.jar"/>
    <property name="user.script" value=""/>
    <property name="sun.management.compiler" value="HotSpot 64-Bit Tiered Compilers"/>
    <property name="java.runtime.version" value="12.0.1+12"/>
    <property name="user.name" value="sudeep.paudyal"/>
    <property name="path.separator" value=";"/>
    <property name="os.version" value="10.0"/>
    <property name="java.runtime.name" value="Java(TM) SE Runtime Environment"/>
    <property name="file.encoding" value="Cp1252"/>
    <property name="java.vm.name" value="Java HotSpot(TM) 64-Bit Server VM"/>
    <property name="localRepository" value="C:\Users\sudeep.paudyal\.m2\repository"/>
    <property name="java.vendor.url.bug" value="https://bugreport.java.com/bugreport/"/>
    <property name="java.io.tmpdir" value="C:\Users\SUDEEP~1.PAU\AppData\Local\Temp\"/>
    <property name="java.version" value="12.0.1"/>
    <property name="user.dir" value="C:\AWZ\Api-TestAutomation"/>
    <property name="os.arch" value="amd64"/>
    <property name="java.vm.specification.name" value="Java Virtual Machine Specification"/>
    <property name="sun.os.patch.level" value=""/>
    <property name="java.library.path" value="C:\Program Files\Java\jdk-12.0.1\bin;C:\Windows\Sun\Java\bin;C:\Windows\system32;C:\Windows;C:\Program Files (x86)\Common Files\Oracle\Java\javapath;C:\ProgramData\Oracle\Java\javapath;C:\Program Files (x86)\Intel\Intel(R) Management Engine Components\iCLS\;C:\Program Files\Intel\Intel(R) Management Engine Components\iCLS\;C:\Windows\system32;C:\Windows;C:\Windows\System32\Wbem;C:\Windows\System32\WindowsPowerShell\v1.0\;C:\Program Files (x86)\Intel\Intel(R) Management Engine Components\DAL;C:\Program Files\Intel\Intel(R) Management Engine Components\DAL;C:\Program Files (x86)\Intel\Intel(R) Management Engine Components\IPT;C:\Program Files\Intel\Intel(R) Management Engine Components\IPT;C:\Program Files (x86)\NVIDIA Corporation\PhysX\Common;&quot;C:\Program Files\Java\jdk1.8.0_161\bin;%PATH%&quot;;C:\Program Files (x86)\PuTTY\;C:\Program Files\Microsoft SQL Server\Client SDK\ODBC\130\Tools\Binn\;C:\Program Files (x86)\Microsoft SQL Server\140\Tools\Binn\;C:\Program Files\Microsoft SQL Server\140\Tools\Binn\;C:\Program Files\Microsoft SQL Server\140\DTS\Binn\;C:\Program Files (x86)\ShoreTel\Connect\;C:\Program Files\Git\cmd;C:\Program Files\Java\jdk-12.0.1\bin;C:\AWZ\apache-maven-3.6.1-bin\apache-maven-3.6.1\bin;C:\Users\sudeep.paudyal\AppData\Local\Microsoft\WindowsApps;;."/>
    <property name="java.vm.info" value="mixed mode, sharing"/>
    <property name="java.vendor" value="Oracle Corporation"/>
    <property name="java.vm.version" value="12.0.1+12"/>
    <property name="sun.io.unicode.encoding" value="UnicodeLittle"/>
    <property name="java.class.version" value="56.0"/>
  </properties>
  <testcase name="getCream" classname="testcases.AS1_DannonASSN" time="3.096"/>
  <testcase name="getMilk" classname="testcases.AS1_DannonASSN" time="11.548"/>
  <testcase name="getSkim" classname="testcases.AS1_DannonASSN" time="21.656"/>
  <testcase name="AS1_MM2FieldsOnly" classname="testcases.AS1_DannonRCV" time="0.25"/>
  <testcase name="AS1_MM_MinimalFields" classname="testcases.AS1_DannonRCV" time="0.265"/>
  <testcase name="AS1_MM_MinimalFields2Manis" classname="testcases.AS1_DannonRCV" time="0.25"/>
  <testcase name="RCV_GoodOne2ManisNoSupplier" classname="testcases.AS1_DannonRCV" time="0.297"/>
  <testcase name="RCV_GoodOneNoSupplier" classname="testcases.AS1_DannonRCV" time="0.235"/>
  <testcase name="RCV_MostMilkThisIsAGoodOne" classname="testcases.AS1_DannonRCV" time="0.234"/>
  <testcase name="RCV_MultiMilk" classname="testcases.AS1_DannonRCV" time="0.312"/>
  <testcase name="creamRCV_Export" classname="testcases.AS1_DannonRCV" time="0.594"/>
  <testcase name="creamRCV_MostFields" classname="testcases.AS1_DannonRCV" time="0.485"/>
  <testcase name="creamRCV_MostFieldsRealIsh" classname="testcases.AS1_DannonRCV" time="3.558"/>
  <testcase name="creamRCV_NoManifestRealCase" classname="testcases.AS1_DannonRCV" time="0.515"/>
  <testcase name="creamRCV_NoMeasurements" classname="testcases.AS1_DannonRCV" time="0.485"/>
  <testcase name="creamRCV_NoWeight" classname="testcases.AS1_DannonRCV" time="0.469"/>
  <testcase name="milkRCV_MinFields" classname="testcases.AS1_DannonRCV" time="0.266"/>
  <testcase name="milkRCV_NoRejectNoManifests" classname="testcases.AS1_DannonRCV" time="0.312"/>
  <testcase name="milkRCV_RejectMostMilk" classname="testcases.AS1_DannonRCV" time="0.313"/>
  <testcase name="milkRCV_StandardFields" classname="testcases.AS1_DannonRCV" time="0.281"/>
  <testcase name="patchRequestSkimRCV_MostFields" classname="testcases.AS1_DannonRCV" time="0.625"/>
  <testcase name="putReceiptMinCream" classname="testcases.AS1_DannonRCV" time="0.5"/>
  <testcase name="putReceiptMinSkim" classname="testcases.AS1_DannonRCV" time="0.297"/>
  <testcase name="putReceiptMultiCream" classname="testcases.AS1_DannonRCV" time="0.5"/>
  <testcase name="putReceiptMultiSkim" classname="testcases.AS1_DannonRCV" time="0.469"/>
  <testcase name="putRejectMostOfCreamWorking" classname="testcases.AS1_DannonRCV" time="0.531"/>
  <testcase name="skimRCV_Export" classname="testcases.AS1_DannonRCV" time="0.563"/>
  <testcase name="skimRCV_MostFields" classname="testcases.AS1_DannonRCV" time="0.578"/>
  <testcase name="skimRCV_NoMeasurements" classname="testcases.AS1_DannonRCV" time="0.547"/>
  <testcase name="AS1_DannonShippingCreamSHP_MostFieldsPutRequest" classname="testcases.AS1_DannonShipping" time="0.547"/>
  <testcase name="AS1_DannonShippingNewHyphenDestinationPlantPutRequest" classname="testcases.AS1_DannonShipping" time="0.5"/>
  <testcase name="AS1_DannonShippingNewHyphenPutRequest" classname="testcases.AS1_DannonShipping" time="0.484"/>
  <testcase name="AS1_DannonShippingSkimMostAttributesPutRequest" classname="testcases.AS1_DannonShipping" time="0.531"/>
  <testcase name="AS1_DannonShippingSkimStagingAllAttributesPutRequest" classname="testcases.AS1_DannonShipping" time="0.516"/>
  <testcase name="AS1_DannonShippingTinyCreamPutRequest" classname="testcases.AS1_DannonShipping" time="0.485"/>
  <testcase name="AS1_DannonShippingTinySkimRequiredOnly" classname="testcases.AS1_DannonShipping" time="0.531"/>
</testsuite>