<?xml version="1.0" encoding="UTF-8"?>
<!-- Generated by org.testng.reporters.JUnitReportReporter -->
<testsuite skipped="0" hostname="Durga-pc" name="testCases.basics$basics2" tests="1" failures="0" timestamp="17 May 2019 14:39:07 GMT" time="1.922" errors="0">
  <testcase name="createPlaceAPI" time="1.922" classname="testCases.basics$basics2"/>
</testsuite> <!-- testCases.basics$basics2 -->
