<?xml version="1.0" encoding="UTF-8"?>
<!-- Generated by org.testng.reporters.JUnitReportReporter -->
<testsuite skipped="0" hostname="Durga-pc" name="testCases.getMilk_AS1_Dannon_Assn" tests="1" failures="0" timestamp="17 May 2019 17:54:50 GMT" time="1.545" errors="0">
  <testcase name="getTokenBeforeTest" time="1.545" classname="testCases.getMilk_AS1_Dannon_Assn"/>
</testsuite> <!-- testCases.getMilk_AS1_Dannon_Assn -->
