<?xml version="1.0" encoding="UTF-8"?>
<!-- Generated by org.testng.reporters.JUnitReportReporter -->
<testsuite skipped="0" hostname="Durga-pc" name="testCases.AS1DannonShipping" tests="1" failures="0" timestamp="20 May 2019 19:11:50 GMT" time="2.055" errors="0">
  <testcase name="dannonIMSAuthTokenAS1_Staging" time="2.055" classname="testCases.AS1DannonShipping"/>
</testsuite> <!-- testCases.AS1DannonShipping -->
