<?xml version="1.0" encoding="UTF-8"?>
<!-- Generated by org.testng.reporters.JUnitReportReporter -->
<testsuite skipped="0" hostname="Durga-pc" name="testCases.basics" tests="1" failures="0" timestamp="17 May 2019 16:31:50 GMT" time="0.210" errors="0">
  <testcase name="Test1" time="0.210" classname="testCases.basics"/>
</testsuite> <!-- testCases.basics -->
