<?xml version="1.0" encoding="UTF-8"?>
<!-- Generated by org.testng.reporters.JUnitReportReporter -->
<testsuite skipped="0" hostname="Durga-pc" name="testCases.basics$Test2" tests="1" failures="0" timestamp="17 May 2019 16:31:50 GMT" time="2.136" errors="0">
  <testcase name="createPlaceAPI" time="2.136" classname="testCases.basics$Test2"/>
</testsuite> <!-- testCases.basics$Test2 -->
