<?xml version="1.0" encoding="UTF-8"?>
<!-- Generated by org.testng.reporters.JUnitReportReporter -->
<testsuite skipped="0" hostname="Durga-pc" name="testCases.NewTest" tests="2" failures="0" timestamp="03 May 2019 14:10:53 GMT" time="1.006" errors="0">
  <testcase name="testResponsecode" time="0.974" classname="testCases.NewTest"/>
  <testcase name="putRequest1" time="0.032" classname="testCases.NewTest"/>
</testsuite> <!-- testCases.NewTest -->
