<?xml version="1.0" encoding="UTF-8"?>
<!-- Generated by org.testng.reporters.JUnitReportReporter -->
<testsuite skipped="0" hostname="Durga-pc" name="testCases.AS1DannonAssnPost" tests="1" failures="0" timestamp="20 May 2019 15:51:45 GMT" time="1.615" errors="0">
  <testcase name="dannonIMSAuthTokenAS1" time="1.615" classname="testCases.AS1DannonAssnPost"/>
</testsuite> <!-- testCases.AS1DannonAssnPost -->
