<?xml version="1.0" encoding="UTF-8"?>
<!-- Generated by org.testng.reporters.JUnitReportReporter -->
<testsuite skipped="0" hostname="Durga-pc" name="testCases.AS1_Dannon_RCV" tests="2" failures="0" timestamp="22 May 2019 15:40:35 GMT" time="0.671" errors="0">
  <testcase name="AS1_MM_minimal_fields" time="0.376" classname="testCases.AS1_Dannon_RCV"/>
  <testcase name="AS1_MM_minimal_fields_2_manis" time="0.295" classname="testCases.AS1_Dannon_RCV"/>
</testsuite> <!-- testCases.AS1_Dannon_RCV -->
