<?xml version="1.0" encoding="UTF-8"?>
<!-- Generated by org.testng.reporters.JUnitReportReporter -->
<testsuite skipped="0" hostname="Durga-pc" name="testCases.AS1_DannonAssnToken" tests="1" failures="0" timestamp="23 May 2019 17:15:04 GMT" time="1.629" errors="0">
  <testcase name="dannonIMSAuthTokenAS1" time="1.629" classname="testCases.AS1_DannonAssnToken"/>
</testsuite> <!-- testCases.AS1_DannonAssnToken -->
