<?xml version="1.0" encoding="UTF-8"?>
<!-- Generated by org.testng.reporters.JUnitReportReporter -->
<testsuite skipped="0" hostname="SUDEEP-DELLXPS" name="testcases.AS1_DannonASSN" tests="3" failures="0" timestamp="31 May 2019 00:26:24 GMT" time="36.647" errors="0">
  <testcase name="getMilk" time="11.664" classname="testcases.AS1_DannonASSN"/>
  <testcase name="getCream" time="3.355" classname="testcases.AS1_DannonASSN"/>
  <testcase name="getSkim" time="21.628" classname="testcases.AS1_DannonASSN"/>
</testsuite> <!-- testcases.AS1_DannonASSN -->
