<?xml version="1.0" encoding="UTF-8"?>
<!-- Generated by org.testng.reporters.JUnitReportReporter -->
<testsuite skipped="0" hostname="SUDEEP-DELLXPS" name="testcases.AS1_DannonShipping" tests="7" failures="0" timestamp="30 May 2019 23:59:11 GMT" time="4.304" errors="0">
  <testcase name="AS1_DannonShippingSkimMostAttributesPutRequest" time="0.596" classname="testcases.AS1_DannonShipping"/>
  <testcase name="AS1_DannonShippingTinyCreamPutRequest" time="0.563" classname="testcases.AS1_DannonShipping"/>
  <testcase name="AS1_DannonShippingSkimStagingAllAttributesPutRequest" time="0.630" classname="testcases.AS1_DannonShipping"/>
  <testcase name="AS1_DannonShippingNewHyphenDestinationPlantPutRequest" time="0.545" classname="testcases.AS1_DannonShipping"/>
  <testcase name="AS1_DannonShippingCreamSHP_MostFieldsPutRequest" time="0.582" classname="testcases.AS1_DannonShipping"/>
  <testcase name="AS1_DannonShippingTinySkimRequiredOnly" time="0.594" classname="testcases.AS1_DannonShipping"/>
  <testcase name="AS1_DannonShippingNewHyphenPutRequest" time="0.794" classname="testcases.AS1_DannonShipping"/>
</testsuite> <!-- testcases.AS1_DannonShipping -->
