<?xml version="1.0" encoding="UTF-8"?>
<!-- Generated by org.testng.reporters.JUnitReportReporter -->
<testsuite skipped="0" hostname="Durga-pc" name="testCases.GetMilk" tests="3" failures="0" timestamp="20 May 2019 21:30:49 GMT" time="19.442" errors="0">
  <testcase name="getCream" time="1.503" classname="testCases.GetMilk"/>
  <testcase name="getSkim" time="17.018" classname="testCases.GetMilk"/>
  <testcase name="getMilk" time="0.921" classname="testCases.GetMilk"/>
</testsuite> <!-- testCases.GetMilk -->
