<?xml version="1.0" encoding="UTF-8"?>
<!-- Generated by org.testng.reporters.JUnitReportReporter -->
<testsuite skipped="0" hostname="Durga-pc" name="testCases.AS1_DannonAssnTestCases" tests="3" failures="0" timestamp="23 May 2019 17:37:50 GMT" time="24.982" errors="0">
  <testcase name="getSkim" time="18.478" classname="testCases.AS1_DannonAssnTestCases"/>
  <testcase name="getMilk" time="1.083" classname="testCases.AS1_DannonAssnTestCases"/>
  <testcase name="getCream" time="5.421" classname="testCases.AS1_DannonAssnTestCases"/>
</testsuite> <!-- testCases.AS1_DannonAssnTestCases -->
