<?xml version="1.0" encoding="UTF-8"?>
<!-- Generated by org.testng.reporters.JUnitReportReporter -->
<testsuite hostname="Durga-pc" failures="0" tests="3" name="testcases.AS1_DannonASSN" time="36.300" errors="0" timestamp="30 May 2019 23:40:18 GMT" skipped="0">
  <testcase classname="testcases.AS1_DannonASSN" name="getCream" time="3.096"/>
  <testcase classname="testcases.AS1_DannonASSN" name="getSkim" time="21.656"/>
  <testcase classname="testcases.AS1_DannonASSN" name="getMilk" time="11.548"/>
</testsuite> <!-- testcases.AS1_DannonASSN -->
