<?xml version="1.0" encoding="UTF-8"?>
<!-- Generated by org.testng.reporters.JUnitReportReporter -->
<testsuite hostname="Durga-pc" failures="0" tests="7" name="testcases.AS1_DannonShipping" time="3.594" errors="0" timestamp="30 May 2019 23:40:18 GMT" skipped="0">
  <testcase classname="testcases.AS1_DannonShipping" name="AS1_DannonShippingNewHyphenPutRequest" time="0.484"/>
  <testcase classname="testcases.AS1_DannonShipping" name="AS1_DannonShippingTinyCreamPutRequest" time="0.485"/>
  <testcase classname="testcases.AS1_DannonShipping" name="AS1_DannonShippingCreamSHP_MostFieldsPutRequest" time="0.547"/>
  <testcase classname="testcases.AS1_DannonShipping" name="AS1_DannonShippingNewHyphenDestinationPlantPutRequest" time="0.500"/>
  <testcase classname="testcases.AS1_DannonShipping" name="AS1_DannonShippingSkimStagingAllAttributesPutRequest" time="0.516"/>
  <testcase classname="testcases.AS1_DannonShipping" name="AS1_DannonShippingSkimMostAttributesPutRequest" time="0.531"/>
  <testcase classname="testcases.AS1_DannonShipping" name="AS1_DannonShippingTinySkimRequiredOnly" time="0.531"/>
</testsuite> <!-- testcases.AS1_DannonShipping -->
